[debug] [2021-01-10T21:33:59.955Z] ----------------------------------------------------------------------
[debug] [2021-01-10T21:33:59.957Z] Command:       D:\Program files (x86)\NodeJS\node.exe C:\Users\MSI\AppData\Roaming\npm\node_modules\firebase-tools\lib\bin\firebase.js init
[debug] [2021-01-10T21:33:59.958Z] CLI Version:   9.1.2
[debug] [2021-01-10T21:33:59.958Z] Platform:      win32
[debug] [2021-01-10T21:33:59.958Z] Node Version:  v14.13.1
[debug] [2021-01-10T21:33:59.959Z] Time:          Sun Jan 10 2021 22:33:59 GMT+0100 (czas środkowoeuropejski standardowy)
[debug] [2021-01-10T21:33:59.960Z] ----------------------------------------------------------------------
[debug] [2021-01-10T21:33:59.960Z] 
[debug] [2021-01-10T21:33:59.963Z] >>> [apiv2][query] GET https://firebase-public.firebaseio.com/cli.json [none]
[debug] [2021-01-10T21:33:59.989Z] > command requires scopes: ["email","openid","https://www.googleapis.com/auth/cloudplatformprojects.readonly","https://www.googleapis.com/auth/firebase","https://www.googleapis.com/auth/cloud-platform"]
[debug] [2021-01-10T21:33:59.989Z] > authorizing via signed-in user
[info] 
     ######## #### ########  ######## ########     ###     ######  ########
     ##        ##  ##     ## ##       ##     ##  ##   ##  ##       ##
     ######    ##  ########  ######   ########  #########  ######  ######
     ##        ##  ##    ##  ##       ##     ## ##     ##       ## ##
     ##       #### ##     ## ######## ########  ##     ##  ######  ########

You're about to initialize a Firebase project in this directory:

  C:\users\msi\desktop\spa_projekt\kanban-fire

Before we get started, keep in mind:

  * You are initializing in an existing Firebase project directory

[debug] [2021-01-10T21:34:00.844Z] <<< [apiv2][status] GET https://firebase-public.firebaseio.com/cli.json 200
[debug] [2021-01-10T21:34:00.845Z] <<< [apiv2][body] GET https://firebase-public.firebaseio.com/cli.json {"cloudBuildErrorAfter":1594252800000,"cloudBuildWarnAfter":1590019200000,"defaultNode10After":1594252800000,"minVersion":"3.0.5","node8DeploysDisabledAfter":1613390400000,"node8RuntimeDisabledAfter":1615809600000,"node8WarnAfter":1600128000000}
